
{"message":"Unathorized request to path: /api/users","level":"error"}
{"message":"Unathorized request to path: /api/users","level":"error"}
{"message":"Unathorized request to path: /api/users >> AUTHTOKEN","level":"error"}
{"message":"Unathorized request to path: /api/users","level":"error"}
{"message":"Unathorized request to path: /api/users","level":"error"}
{"message":"Student with id: 1 was updated.","level":"info"}
{"message":"Student with id: 2 was updated.","level":"info"}
{"message":"Student with id: 8 was updated.","level":"info"}
{"message":"Student with id: 1 was updated.","level":"info"}
{"message":"Student with id: 6 was updated.","level":"info"}
{"message":"Student with id: 9 was updated.","level":"info"}
{"message":"Student with id: 6 was updated.","level":"info"}
{"message":"Student with id: 2 was updated.","level":"info"}
{"message":"Student with id: 8 was updated.","level":"info"}
{"message":"Student with id: 1 was updated.","level":"info"}
{"message":"Student with id: 2 was updated.","level":"info"}
{"message":"Student with id: 11 created.","level":"info"}
{"message":"Student with id: 9 was updated.","level":"info"}
{"message":"Student with id: 6 was updated.","level":"info"}
{"message":"Student with id: 12 created.","level":"info"}
{"message":"Student with id: 3 was updated.","level":"info"}
{"message":"Student with id: 10 was updated.","level":"info"}
{"message":"Student with id: 12 was updated.","level":"info"}
{"message":"Student with id: 12 was deleted.","level":"info"}
{"message":"studentId, goal, and priority are required","level":"error"}
{"message":"studentId, goal, and priority are required","level":"error"}
{"message":"studentId, goal, and priority are required","level":"error"}
{"message":"studentId, goal, and priority are required","level":"error"}
{"message":"studentId, goal, and priority are required","level":"error"}
{"message":"studentId, goal, and priority are required","level":"error"}
{"message":"studentId, goal, and priority are required","level":"error"}
{"message":"studentId, goal, and priority are required","level":"error"}
{"message":"studentId, goal, and priority are required","level":"error"}
{"message":"studentId, goal, and priority are required","level":"error"}
{"message":"studentId, goal, and priority are required","level":"error"}
{"message":"Student with id: 4 was updated.","level":"info"}
{"message":"Student with id: 13 created.","level":"info"}
{"message":"studentId, goal, and priority are required","level":"error"}
{"message":"Student with id: 11 created.","level":"info"}
{"message":"Name is required","level":"error"}
{"message":"Name is required","level":"error"}
{"message":"Student with id: 1 created.","level":"info"}
{"message":"Student with id: 1 created.","level":"info"}
{"message":"Student with id: 1 created.","level":"info"}
{"message":"Student with id: 1 created.","level":"info"}
{"message":"Student with id: 1 created.","level":"info"}
{"message":"Student with id: 1 created.","level":"info"}
{"message":"Student with id: 1 created.","level":"info"}
{"message":"Student with id: 1 created.","level":"info"}
{"message":"studentId, goal, and priority are required","level":"error"}
{"message":"Student with id: 1 created.","level":"info"}
{"message":"Student with id: 1 created.","level":"info"}
{"message":"Student with id: 1 created.","level":"info"}
{"message":"Student with id: 1 created.","level":"info"}
{"message":"Student with id: 1 created.","level":"info"}
{"message":"Student with id: 1 created.","level":"info"}
{"message":"Student with id: 1 created.","level":"info"}
{"message":"Student with id: 1 created.","level":"info"}
{"message":"Student with id: 1 created.","level":"info"}
{"message":"Student with id: 1 created.","level":"info"}
{"message":"Student with id: 1 created.","level":"info"}
{"message":"Student with id: 8 was updated.","level":"info"}
{"message":"Student with id: 12 created.","level":"info"}
{"message":"Student with id: 13 created.","level":"info"}
{"message":"Student with id: 13 was deleted.","level":"info"}
{"message":"Student with id: 1 was updated.","level":"info"}
{"message":"Student with id: 6 was updated.","level":"info"}
{"message":"Student with id: 5 was updated.","level":"info"}
{"message":"Student with id: 7 was updated.","level":"info"}
{"message":"Student with id: 8 was updated.","level":"info"}
{"message":"Student with id: 2 was updated.","level":"info"}
{"message":"Student with id: 14 created.","level":"info"}
{"message":"Student with id: 15 created.","level":"info"}
{"message":"Student with id: 16 created.","level":"info"}
{"message":"Student with id: 17 created.","level":"info"}
{"message":"Student with id: 17 was deleted.","level":"info"}
{"message":"Student with id: 15 was deleted.","level":"info"}
{"message":"Student with id: 14 was deleted.","level":"info"}
{"message":"Student with id: 16 was deleted.","level":"info"}
{"message":"Student with id: 18 created.","level":"info"}
{"message":"Student with id: 19 created.","level":"info"}
{"message":"Student with id: 20 created.","level":"info"}
{"message":"Student with id: 20 was deleted.","level":"info"}
{"message":"Student with id: 19 was deleted.","level":"info"}
{"message":"Student with id: 18 was deleted.","level":"info"}
{"message":"Student with id: 21 created.","level":"info"}
{"message":"Student with id: 22 created.","level":"info"}
{"message":"Student with id: 23 created.","level":"info"}
{"message":"Student with id: 24 created.","level":"info"}
{"message":"Student with id: 25 created.","level":"info"}
{"message":"Student with id: 26 created.","level":"info"}
{"message":"Student with id: 27 created.","level":"info"}
{"message":"Student with id: 28 created.","level":"info"}
{"message":"Student with id: 29 created.","level":"info"}
{"message":"Student with id: 30 created.","level":"info"}
{"message":"Student with id: 31 created.","level":"info"}
{"message":"Student with id: 25 was updated.","level":"info"}
{"message":"Student with id: 26 was updated.","level":"info"}
{"message":"Student with id: 27 was updated.","level":"info"}
{"message":"Student with id: 28 was updated.","level":"info"}
{"message":"Student with id: 29 was updated.","level":"info"}
{"message":"Student with id: 1 created.","level":"info"}
